#
# There is insufficient memory for the Java Runtime Environment to continue.
# Native memory allocation (malloc) failed to allocate 32744 bytes for ChunkPool::allocate
# Possible reasons:
#   The system is out of physical RAM or swap space
#   The process is running with CompressedOops enabled, and the Java Heap may be blocking the growth of the native heap
# Possible solutions:
#   Reduce memory load on the system
#   Increase physical memory or swap space
#   Check if swap backing store is full
#   Decrease Java heap size (-Xmx/-Xms)
#   Decrease number of Java threads
#   Decrease Java thread stack sizes (-Xss)
#   Set larger code cache with -XX:ReservedCodeCacheSize=
#   JVM is running with Unscaled Compressed Oops mode in which the Java heap is
#     placed in the first 4GB address space. The Java Heap base address is the
#     maximum limit for the native heap growth. Please use -XX:HeapBaseMinAddress
#     to set the Java Heap base and to place the Java Heap above 4GB virtual address.
# This output file may be truncated or incomplete.
#
#  Out of Memory Error (allocation.cpp:272), pid=11404, tid=0x0000000000001130
#
# JRE version: Java(TM) SE Runtime Environment (8.0_261-b12) (build 1.8.0_261-b12)
# Java VM: Java HotSpot(TM) 64-Bit Server VM (25.261-b12 mixed mode windows-amd64 compressed oops)
# Failed to write core dump. Minidumps are not enabled by default on client versions of Windows
#

---------------  T H R E A D  ---------------

Current thread (0x000001a14eff8000):  JavaThread "C1 CompilerThread3" daemon [_thread_in_native, id=4400, stack(0x00000098e2300000,0x00000098e2400000)]

Stack: [0x00000098e2300000,0x00000098e2400000]
Native frames: (J=compiled Java code, j=interpreted, Vv=VM code, C=native code)
V  [jvm.dll+0x33e5f9]
V  [jvm.dll+0x2850e2]
V  [jvm.dll+0x285d8d]
V  [jvm.dll+0x27c895]
V  [jvm.dll+0xe520d]
V  [jvm.dll+0xe556c]
V  [jvm.dll+0x41148f]
V  [jvm.dll+0x4175a5]
V  [jvm.dll+0x403f30]
V  [jvm.dll+0x3efec3]
V  [jvm.dll+0x3ef7bd]
V  [jvm.dll+0x3ef99e]
V  [jvm.dll+0x3ef0f1]
V  [jvm.dll+0x3f0b2f]
V  [jvm.dll+0xbbbcb]
V  [jvm.dll+0xba22b]
V  [jvm.dll+0x24d962]
V  [jvm.dll+0x2a1cfc]
C  [ucrtbase.dll+0x214c2]
C  [KERNEL32.DLL+0x17034]
C  [ntdll.dll+0x4d0d1]


Current CompileTask:
C1:  48233 5734       1       org.springframework.asm.ClassReader::readCode (5085 bytes)


---------------  P R O C E S S  ---------------

Java Threads: ( => current thread )
  0x000001a154b63000 JavaThread "DiscoveryClient-InstanceInfoReplicator-0" daemon [_thread_blocked, id=19264, stack(0x00000098e4000000,0x00000098e4100000)]
  0x000001a154b67000 JavaThread "DiscoveryClient-1" daemon [_thread_blocked, id=1528, stack(0x00000098e3f00000,0x00000098e4000000)]
  0x000001a154b6a000 JavaThread "DiscoveryClient-0" daemon [_thread_blocked, id=6916, stack(0x00000098e3e00000,0x00000098e3f00000)]
  0x000001a154b69000 JavaThread "AsyncResolver-bootstrap-0" daemon [_thread_blocked, id=6328, stack(0x00000098e3d00000,0x00000098e3e00000)]
  0x000001a154b66000 JavaThread "Apache-HttpClient-Conn-Cleaner2" daemon [_thread_blocked, id=22940, stack(0x00000098e3a00000,0x00000098e3b00000)]
  0x000001a154b65800 JavaThread "task-2" [_thread_blocked, id=18536, stack(0x00000098e3000000,0x00000098e3100000)]
  0x000001a154b62800 JavaThread "container-0" [_thread_blocked, id=1956, stack(0x00000098e3900000,0x00000098e3a00000)]
  0x000001a154b64800 JavaThread "Catalina-utility-2" [_thread_blocked, id=25480, stack(0x00000098e3800000,0x00000098e3900000)]
  0x000001a14effd000 JavaThread "Catalina-utility-1" [_thread_blocked, id=23028, stack(0x00000098e3700000,0x00000098e3800000)]
  0x000001a14effb800 JavaThread "HikariPool-1 housekeeper" daemon [_thread_blocked, id=2820, stack(0x00000098e3600000,0x00000098e3700000)]
  0x000001a14effa000 JavaThread "RxIoScheduler-1 (Evictor)" daemon [_thread_blocked, id=17116, stack(0x00000098e3500000,0x00000098e3600000)]
  0x000001a14eff9800 JavaThread "spring.cloud.inetutils" daemon [_thread_blocked, id=24652, stack(0x00000098e3300000,0x00000098e3400000)]
  0x000001a14eff8800 JavaThread "task-1" [_thread_blocked, id=19940, stack(0x00000098e3200000,0x00000098e3300000)]
  0x000001a14effe000 JavaThread "mysql-cj-abandoned-connection-cleanup" daemon [_thread_blocked, id=2592, stack(0x00000098e3100000,0x00000098e3200000)]
  0x000001a14effb000 JavaThread "RMI TCP Connection(idle)" daemon [_thread_blocked, id=22944, stack(0x00000098e2f00000,0x00000098e3000000)]
  0x000001a151fb3000 JavaThread "restartedMain" [_thread_in_vm, id=14660, stack(0x00000098e2e00000,0x00000098e2f00000)]
  0x000001a151fa6800 JavaThread "Thread-2" [_thread_blocked, id=22800, stack(0x00000098e2d00000,0x00000098e2e00000)]
  0x000001a151f90000 JavaThread "JMX server connection timeout 18" daemon [_thread_blocked, id=8660, stack(0x00000098e2c00000,0x00000098e2d00000)]
  0x000001a151f69800 JavaThread "RMI TCP Connection(2)-127.0.0.1" daemon [_thread_in_native, id=19208, stack(0x00000098e2b00000,0x00000098e2c00000)]
  0x000001a151f5c000 JavaThread "RMI Scheduler(0)" daemon [_thread_blocked, id=25120, stack(0x00000098e2a00000,0x00000098e2b00000)]
  0x000001a151f46800 JavaThread "RMI TCP Connection(4)-127.0.0.1" daemon [_thread_in_native, id=25152, stack(0x00000098e2900000,0x00000098e2a00000)]
  0x000001a151cc0800 JavaThread "RMI TCP Accept-0" daemon [_thread_in_native, id=4304, stack(0x00000098e2700000,0x00000098e2800000)]
  0x000001a151d09800 JavaThread "RMI TCP Accept-62054" daemon [_thread_in_native, id=20796, stack(0x00000098e2600000,0x00000098e2700000)]
  0x000001a151cab800 JavaThread "RMI TCP Accept-0" daemon [_thread_in_native, id=16520, stack(0x00000098e2500000,0x00000098e2600000)]
  0x000001a14f03e000 JavaThread "Service Thread" daemon [_thread_blocked, id=17084, stack(0x00000098e2400000,0x00000098e2500000)]
=>0x000001a14eff8000 JavaThread "C1 CompilerThread3" daemon [_thread_in_native, id=4400, stack(0x00000098e2300000,0x00000098e2400000)]
  0x000001a14eff7000 JavaThread "C2 CompilerThread2" daemon [_thread_blocked, id=21680, stack(0x00000098e2200000,0x00000098e2300000)]
  0x000001a14eff2000 JavaThread "C2 CompilerThread1" daemon [_thread_blocked, id=2808, stack(0x00000098e2100000,0x00000098e2200000)]
  0x000001a14efe1000 JavaThread "C2 CompilerThread0" daemon [_thread_blocked, id=23928, stack(0x00000098e2000000,0x00000098e2100000)]
  0x000001a14efdf000 JavaThread "Attach Listener" daemon [_thread_blocked, id=13116, stack(0x00000098e1f00000,0x00000098e2000000)]
  0x000001a14efde000 JavaThread "Signal Dispatcher" daemon [_thread_blocked, id=10808, stack(0x00000098e1e00000,0x00000098e1f00000)]
  0x000001a14efb5000 JavaThread "Finalizer" daemon [_thread_blocked, id=14656, stack(0x00000098e1d00000,0x00000098e1e00000)]
  0x000001a14efad800 JavaThread "Reference Handler" daemon [_thread_blocked, id=11012, stack(0x00000098e1c00000,0x00000098e1d00000)]
  0x000001a13b4fe800 JavaThread "main" [_thread_blocked, id=24796, stack(0x00000098e1200000,0x00000098e1300000)]

Other Threads:
  0x000001a14ef85800 VMThread [stack: 0x00000098e1b00000,0x00000098e1c00000] [id=14524]
  0x000001a151d13000 WatcherThread [stack: 0x00000098e2800000,0x00000098e2900000] [id=3132]

VM state:not at safepoint (normal execution)

VM Mutex/Monitor currently owned by a thread: None

heap address: 0x00000000c3600000, size: 970 MB, Compressed Oops mode: 32-bit
Narrow klass base: 0x0000000000000000, Narrow klass shift: 3
Compressed class space size: 1073741824 Address: 0x0000000100000000

Heap:
 PSYoungGen      total 315392K, used 122632K [0x00000000ebd00000, 0x0000000100000000, 0x0000000100000000)
  eden space 300032K, 40% used [0x00000000ebd00000,0x00000000f34c21a8,0x00000000fe200000)
  from space 15360K, 0% used [0x00000000fe200000,0x00000000fe200000,0x00000000ff100000)
  to   space 15360K, 0% used [0x00000000ff100000,0x00000000ff100000,0x0000000100000000)
 ParOldGen       total 91648K, used 41200K [0x00000000c3600000, 0x00000000c8f80000, 0x00000000ebd00000)
  object space 91648K, 44% used [0x00000000c3600000,0x00000000c5e3c3f0,0x00000000c8f80000)
 Metaspace       used 63208K, capacity 66570K, committed 66904K, reserved 1105920K
  class space    used 8922K, capacity 9514K, committed 9600K, reserved 1048576K

Card table byte_map: [0x000001a14c2c0000,0x000001a14c4b0000] byte_map_base: 0x000001a14bca5000

Marking Bits: (ParMarkBitMap*) 0x000000005f3b4fb0
 Begin Bits: [0x000001a14c600000, 0x000001a14d528000)
 End Bits:   [0x000001a14d528000, 0x000001a14e450000)

Polling page: 0x000001a13b600000

CodeCache: size=245760Kb used=11070Kb max_used=11070Kb free=234689Kb
 bounds [0x000001a13cf00000, 0x000001a13d9e0000, 0x000001a14bf00000]
 total_blobs=6287 nmethods=5659 adapters=540
 compilation: enabled

Compilation events (10 events):
Event: 48.112 Thread 0x000001a14eff8000 nmethod 5728 0x000001a13d9ce590 code [0x000001a13d9ce700, 0x000001a13d9ce870]
Event: 48.113 Thread 0x000001a14eff8000 5730       1       org.springframework.cglib.core.EmitUtils$5::transform (12 bytes)
Event: 48.113 Thread 0x000001a14eff8000 nmethod 5730 0x000001a13d9ce910 code [0x000001a13d9cea80, 0x000001a13d9cec10]
Event: 48.113 Thread 0x000001a14eff8000 5731       1       org.springframework.cglib.core.EmitUtils$6::processCase (247 bytes)
Event: 48.114 Thread 0x000001a14eff8000 nmethod 5731 0x000001a13d9cecd0 code [0x000001a13d9cef40, 0x000001a13d9cf660]
Event: 48.114 Thread 0x000001a14eff8000 5732       1       org.springframework.cglib.core.EmitUtils::access$100 (4 bytes)
Event: 48.114 Thread 0x000001a14eff8000 nmethod 5732 0x000001a13d9cfcd0 code [0x000001a13d9cfe20, 0x000001a13d9cff18]
Event: 48.114 Thread 0x000001a14eff8000 5733       1       org.springframework.cglib.core.CodeEmitter::goTo (12 bytes)
Event: 48.114 Thread 0x000001a14eff8000 nmethod 5733 0x000001a13d9cff90 code [0x000001a13d9d00e0, 0x000001a13d9d0230]
Event: 48.156 Thread 0x000001a14eff8000 5734       1       org.springframework.asm.ClassReader::readCode (5085 bytes)

GC Heap History (10 events):
Event: 18.074 GC heap before
{Heap before GC invocations=14 (full 1):
 PSYoungGen      total 266240K, used 92360K [0x00000000ebd00000, 0x00000000fd080000, 0x0000000100000000)
  eden space 257536K, 32% used [0x00000000ebd00000,0x00000000f0eb4980,0x00000000fb880000)
  from space 8704K, 99% used [0x00000000fc480000,0x00000000fccfda48,0x00000000fcd00000)
  to   space 12288K, 0% used [0x00000000fb880000,0x00000000fb880000,0x00000000fc480000)
 ParOldGen       total 34304K, used 20672K [0x00000000c3600000, 0x00000000c5780000, 0x00000000ebd00000)
  object space 34304K, 60% used [0x00000000c3600000,0x00000000c4a30338,0x00000000c5780000)
 Metaspace       used 33382K, capacity 35340K, committed 35456K, reserved 1079296K
  class space    used 4515K, capacity 4896K, committed 4992K, reserved 1048576K
Event: 18.124 GC heap after
Heap after GC invocations=14 (full 1):
 PSYoungGen      total 269824K, used 4757K [0x00000000ebd00000, 0x0000000100000000, 0x0000000100000000)
  eden space 257536K, 0% used [0x00000000ebd00000,0x00000000ebd00000,0x00000000fb880000)
  from space 12288K, 38% used [0x00000000fb880000,0x00000000fbd25720,0x00000000fc480000)
  to   space 11776K, 0% used [0x00000000ff480000,0x00000000ff480000,0x0000000100000000)
 ParOldGen       total 34304K, used 26896K [0x00000000c3600000, 0x00000000c5780000, 0x00000000ebd00000)
  object space 34304K, 78% used [0x00000000c3600000,0x00000000c50443f8,0x00000000c5780000)
 Metaspace       used 33382K, capacity 35340K, committed 35456K, reserved 1079296K
  class space    used 4515K, capacity 4896K, committed 4992K, reserved 1048576K
}
Event: 18.125 GC heap before
{Heap before GC invocations=15 (full 2):
 PSYoungGen      total 269824K, used 4757K [0x00000000ebd00000, 0x0000000100000000, 0x0000000100000000)
  eden space 257536K, 0% used [0x00000000ebd00000,0x00000000ebd00000,0x00000000fb880000)
  from space 12288K, 38% used [0x00000000fb880000,0x00000000fbd25720,0x00000000fc480000)
  to   space 11776K, 0% used [0x00000000ff480000,0x00000000ff480000,0x0000000100000000)
 ParOldGen       total 34304K, used 26896K [0x00000000c3600000, 0x00000000c5780000, 0x00000000ebd00000)
  object space 34304K, 78% used [0x00000000c3600000,0x00000000c50443f8,0x00000000c5780000)
 Metaspace       used 33382K, capacity 35340K, committed 35456K, reserved 1079296K
  class space    used 4515K, capacity 4896K, committed 4992K, reserved 1048576K
Event: 18.987 GC heap after
Heap after GC invocations=15 (full 2):
 PSYoungGen      total 269824K, used 0K [0x00000000ebd00000, 0x0000000100000000, 0x0000000100000000)
  eden space 257536K, 0% used [0x00000000ebd00000,0x00000000ebd00000,0x00000000fb880000)
  from space 12288K, 0% used [0x00000000fb880000,0x00000000fb880000,0x00000000fc480000)
  to   space 11776K, 0% used [0x00000000ff480000,0x00000000ff480000,0x0000000100000000)
 ParOldGen       total 58368K, used 20296K [0x00000000c3600000, 0x00000000c6f00000, 0x00000000ebd00000)
  object space 58368K, 34% used [0x00000000c3600000,0x00000000c49d22f8,0x00000000c6f00000)
 Metaspace       used 33382K, capacity 35340K, committed 35456K, reserved 1079296K
  class space    used 4515K, capacity 4896K, committed 4992K, reserved 1048576K
}
Event: 28.624 GC heap before
{Heap before GC invocations=16 (full 2):
 PSYoungGen      total 269824K, used 257536K [0x00000000ebd00000, 0x0000000100000000, 0x0000000100000000)
  eden space 257536K, 100% used [0x00000000ebd00000,0x00000000fb880000,0x00000000fb880000)
  from space 12288K, 0% used [0x00000000fb880000,0x00000000fb880000,0x00000000fc480000)
  to   space 11776K, 0% used [0x00000000ff480000,0x00000000ff480000,0x0000000100000000)
 ParOldGen       total 58368K, used 20296K [0x00000000c3600000, 0x00000000c6f00000, 0x00000000ebd00000)
  object space 58368K, 34% used [0x00000000c3600000,0x00000000c49d22f8,0x00000000c6f00000)
 Metaspace       used 45221K, capacity 47790K, committed 48000K, reserved 1091584K
  class space    used 6286K, capacity 6751K, committed 6784K, reserved 1048576K
Event: 28.877 GC heap after
Heap after GC invocations=16 (full 2):
 PSYoungGen      total 311808K, used 11760K [0x00000000ebd00000, 0x0000000100000000, 0x0000000100000000)
  eden space 300032K, 0% used [0x00000000ebd00000,0x00000000ebd00000,0x00000000fe200000)
  from space 11776K, 99% used [0x00000000ff480000,0x00000000ffffc0e8,0x0000000100000000)
  to   space 15360K, 0% used [0x00000000fe200000,0x00000000fe200000,0x00000000ff100000)
 ParOldGen       total 58368K, used 25206K [0x00000000c3600000, 0x00000000c6f00000, 0x00000000ebd00000)
  object space 58368K, 43% used [0x00000000c3600000,0x00000000c4e9d8f0,0x00000000c6f00000)
 Metaspace       used 45221K, capacity 47790K, committed 48000K, reserved 1091584K
  class space    used 6286K, capacity 6751K, committed 6784K, reserved 1048576K
}
Event: 35.752 GC heap before
{Heap before GC invocations=17 (full 2):
 PSYoungGen      total 311808K, used 208091K [0x00000000ebd00000, 0x0000000100000000, 0x0000000100000000)
  eden space 300032K, 65% used [0x00000000ebd00000,0x00000000f7cbacf0,0x00000000fe200000)
  from space 11776K, 99% used [0x00000000ff480000,0x00000000ffffc0e8,0x0000000100000000)
  to   space 15360K, 0% used [0x00000000fe200000,0x00000000fe200000,0x00000000ff100000)
 ParOldGen       total 58368K, used 25206K [0x00000000c3600000, 0x00000000c6f00000, 0x00000000ebd00000)
  object space 58368K, 43% used [0x00000000c3600000,0x00000000c4e9d8f0,0x00000000c6f00000)
 Metaspace       used 56003K, capacity 59022K, committed 59096K, reserved 1099776K
  class space    used 7850K, capacity 8376K, committed 8448K, reserved 1048576K
Event: 36.304 GC heap after
Heap after GC invocations=17 (full 2):
 PSYoungGen      total 315392K, used 15358K [0x00000000ebd00000, 0x0000000100000000, 0x0000000100000000)
  eden space 300032K, 0% used [0x00000000ebd00000,0x00000000ebd00000,0x00000000fe200000)
  from space 15360K, 99% used [0x00000000fe200000,0x00000000ff0ff828,0x00000000ff100000)
  to   space 15360K, 0% used [0x00000000ff100000,0x00000000ff100000,0x0000000100000000)
 ParOldGen       total 58368K, used 33103K [0x00000000c3600000, 0x00000000c6f00000, 0x00000000ebd00000)
  object space 58368K, 56% used [0x00000000c3600000,0x00000000c5653cc0,0x00000000c6f00000)
 Metaspace       used 56003K, capacity 59022K, committed 59096K, reserved 1099776K
  class space    used 7850K, capacity 8376K, committed 8448K, reserved 1048576K
}
Event: 36.304 GC heap before
{Heap before GC invocations=18 (full 3):
 PSYoungGen      total 315392K, used 15358K [0x00000000ebd00000, 0x0000000100000000, 0x0000000100000000)
  eden space 300032K, 0% used [0x00000000ebd00000,0x00000000ebd00000,0x00000000fe200000)
  from space 15360K, 99% used [0x00000000fe200000,0x00000000ff0ff828,0x00000000ff100000)
  to   space 15360K, 0% used [0x00000000ff100000,0x00000000ff100000,0x0000000100000000)
 ParOldGen       total 58368K, used 33103K [0x00000000c3600000, 0x00000000c6f00000, 0x00000000ebd00000)
  object space 58368K, 56% used [0x00000000c3600000,0x00000000c5653cc0,0x00000000c6f00000)
 Metaspace       used 56003K, capacity 59022K, committed 59096K, reserved 1099776K
  class space    used 7850K, capacity 8376K, committed 8448K, reserved 1048576K
Event: 37.314 GC heap after
Heap after GC invocations=18 (full 3):
 PSYoungGen      total 315392K, used 0K [0x00000000ebd00000, 0x0000000100000000, 0x0000000100000000)
  eden space 300032K, 0% used [0x00000000ebd00000,0x00000000ebd00000,0x00000000fe200000)
  from space 15360K, 0% used [0x00000000fe200000,0x00000000fe200000,0x00000000ff100000)
  to   space 15360K, 0% used [0x00000000ff100000,0x00000000ff100000,0x0000000100000000)
 ParOldGen       total 91648K, used 41200K [0x00000000c3600000, 0x00000000c8f80000, 0x00000000ebd00000)
  object space 91648K, 44% used [0x00000000c3600000,0x00000000c5e3c3f0,0x00000000c8f80000)
 Metaspace       used 56003K, capacity 59022K, committed 59096K, reserved 1099776K
  class space    used 7850K, capacity 8376K, committed 8448K, reserved 1048576K
}

Deoptimization events (0 events):
No events

Classes redefined (0 events):
No events

Internal exceptions (10 events):
Event: 47.787 Thread 0x000001a151fb3000 Exception <a 'java/lang/ArrayIndexOutOfBoundsException'> (0x00000000f2654560) thrown at [C:\jenkins\workspace\8-2-build-windows-amd64-cygwin\jdk8u261\295\hotspot\src\share\vm\runtime\sharedRuntime.cpp, line 605]
Event: 47.850 Thread 0x000001a151fb3000 Exception <a 'java/lang/ArrayIndexOutOfBoundsException'> (0x00000000f2880e88) thrown at [C:\jenkins\workspace\8-2-build-windows-amd64-cygwin\jdk8u261\295\hotspot\src\share\vm\runtime\sharedRuntime.cpp, line 605]
Event: 47.850 Thread 0x000001a151fb3000 Exception <a 'java/lang/ArrayIndexOutOfBoundsException'> (0x00000000f28834e8) thrown at [C:\jenkins\workspace\8-2-build-windows-amd64-cygwin\jdk8u261\295\hotspot\src\share\vm\runtime\sharedRuntime.cpp, line 605]
Event: 47.863 Thread 0x000001a151fb3000 Exception <a 'java/lang/ArrayIndexOutOfBoundsException'> (0x00000000f292c700) thrown at [C:\jenkins\workspace\8-2-build-windows-amd64-cygwin\jdk8u261\295\hotspot\src\share\vm\runtime\sharedRuntime.cpp, line 605]
Event: 47.902 Thread 0x000001a151fb3000 Exception <a 'java/lang/ArrayIndexOutOfBoundsException'> (0x00000000f2a622d8) thrown at [C:\jenkins\workspace\8-2-build-windows-amd64-cygwin\jdk8u261\295\hotspot\src\share\vm\runtime\sharedRuntime.cpp, line 605]
Event: 47.903 Thread 0x000001a151fb3000 Exception <a 'java/lang/ArrayIndexOutOfBoundsException'> (0x00000000f2a66c80) thrown at [C:\jenkins\workspace\8-2-build-windows-amd64-cygwin\jdk8u261\295\hotspot\src\share\vm\runtime\sharedRuntime.cpp, line 605]
Event: 47.906 Thread 0x000001a151fb3000 Exception <a 'java/lang/ArrayIndexOutOfBoundsException'> (0x00000000f2a7a958) thrown at [C:\jenkins\workspace\8-2-build-windows-amd64-cygwin\jdk8u261\295\hotspot\src\share\vm\runtime\sharedRuntime.cpp, line 605]
Event: 48.024 Thread 0x000001a151fb3000 Exception <a 'java/lang/ArrayIndexOutOfBoundsException'> (0x00000000f2e1bfb0) thrown at [C:\jenkins\workspace\8-2-build-windows-amd64-cygwin\jdk8u261\295\hotspot\src\share\vm\runtime\sharedRuntime.cpp, line 605]
Event: 48.133 Thread 0x000001a151fb3000 Exception <a 'java/lang/ArrayIndexOutOfBoundsException'> (0x00000000f300bb60) thrown at [C:\jenkins\workspace\8-2-build-windows-amd64-cygwin\jdk8u261\295\hotspot\src\share\vm\runtime\sharedRuntime.cpp, line 605]
Event: 48.134 Thread 0x000001a151fb3000 Exception <a 'java/lang/ArrayIndexOutOfBoundsException'> (0x00000000f3022588) thrown at [C:\jenkins\workspace\8-2-build-windows-amd64-cygwin\jdk8u261\295\hotspot\src\share\vm\runtime\sharedRuntime.cpp, line 605]

Events (10 events):
Event: 48.149 loading class com/fasterxml/jackson/databind/util/Named
Event: 48.149 loading class com/fasterxml/jackson/databind/util/Named done
Event: 48.149 loading class com/fasterxml/classmate/members/ResolvedField
Event: 48.150 loading class com/fasterxml/classmate/members/ResolvedField done
Event: 48.150 loading class com/fasterxml/jackson/databind/introspect/AnnotatedParameter
Event: 48.150 loading class com/fasterxml/jackson/databind/introspect/AnnotatedParameter done
Event: 48.151 loading class com/fasterxml/jackson/databind/introspect/AnnotatedMember
Event: 48.151 loading class com/fasterxml/jackson/databind/introspect/AnnotatedMember done
Event: 48.158 loading class com/google/common/collect/ImmutableList
Event: 48.158 loading class com/google/common/collect/ImmutableList done


Dynamic libraries:
0x00007ff7bd2d0000 - 0x00007ff7bd317000 	C:\Program Files\Java\jdk1.8.0_261\bin\javaw.exe
0x00007ffec7d90000 - 0x00007ffec7f86000 	C:\windows\SYSTEM32\ntdll.dll
0x00007ffec64c0000 - 0x00007ffec657d000 	C:\windows\System32\KERNEL32.DLL
0x00007ffec5a20000 - 0x00007ffec5ce9000 	C:\windows\System32\KERNELBASE.dll
0x00007ffec7b70000 - 0x00007ffec7c1c000 	C:\windows\System32\ADVAPI32.dll
0x00007ffec6660000 - 0x00007ffec66fe000 	C:\windows\System32\msvcrt.dll
0x00007ffec6010000 - 0x00007ffec60ac000 	C:\windows\System32\sechost.dll
0x00007ffec7c20000 - 0x00007ffec7d4b000 	C:\windows\System32\RPCRT4.dll
0x00007ffec6b80000 - 0x00007ffec6d20000 	C:\windows\System32\USER32.dll
0x00007ffec5710000 - 0x00007ffec5732000 	C:\windows\System32\win32u.dll
0x00007ffec6320000 - 0x00007ffec634a000 	C:\windows\System32\GDI32.dll
0x00007ffec54d0000 - 0x00007ffec55d9000 	C:\windows\System32\gdi32full.dll
0x00007ffec5cf0000 - 0x00007ffec5d8d000 	C:\windows\System32\msvcp_win.dll
0x00007ffec57c0000 - 0x00007ffec58c0000 	C:\windows\System32\ucrtbase.dll
0x00007ffea4690000 - 0x00007ffea492b000 	C:\windows\WinSxS\amd64_microsoft.windows.common-controls_6595b64144ccf1df_6.0.19041.488_none_ca04af081b815d21\COMCTL32.dll
0x00007ffec6360000 - 0x00007ffec6390000 	C:\windows\System32\IMM32.DLL
0x00007ffebdc40000 - 0x00007ffebdc55000 	C:\Program Files\Java\jdk1.8.0_261\jre\bin\vcruntime140.dll
0x00007ffeab030000 - 0x00007ffeab0cb000 	C:\Program Files\Java\jdk1.8.0_261\jre\bin\msvcp140.dll
0x000000005ebc0000 - 0x000000005f42c000 	C:\Program Files\Java\jdk1.8.0_261\jre\bin\server\jvm.dll
0x00007ffec6350000 - 0x00007ffec6358000 	C:\windows\System32\PSAPI.DLL
0x00007ffeba9c0000 - 0x00007ffeba9ca000 	C:\windows\SYSTEM32\VERSION.dll
0x00007ffebfb50000 - 0x00007ffebfb59000 	C:\windows\SYSTEM32\WSOCK32.dll
0x00007ffeab210000 - 0x00007ffeab237000 	C:\windows\SYSTEM32\WINMM.dll
0x00007ffec5fa0000 - 0x00007ffec600b000 	C:\windows\System32\WS2_32.dll
0x00007ffec3db0000 - 0x00007ffec3dc2000 	C:\windows\SYSTEM32\kernel.appcore.dll
0x00007ffebfb70000 - 0x00007ffebfb80000 	C:\Program Files\Java\jdk1.8.0_261\jre\bin\verify.dll
0x00007ffebb8c0000 - 0x00007ffebb8eb000 	C:\Program Files\Java\jdk1.8.0_261\jre\bin\java.dll
0x00007ffebc2d0000 - 0x00007ffebc2e8000 	C:\Program Files\Java\jdk1.8.0_261\jre\bin\zip.dll
0x00007ffec6d20000 - 0x00007ffec7462000 	C:\windows\System32\SHELL32.dll
0x00007ffec3600000 - 0x00007ffec3d95000 	C:\windows\SYSTEM32\windows.storage.dll
0x00007ffec7690000 - 0x00007ffec79e6000 	C:\windows\System32\combase.dll
0x00007ffec4ed0000 - 0x00007ffec4efc000 	C:\windows\SYSTEM32\Wldp.dll
0x00007ffec61f0000 - 0x00007ffec629e000 	C:\windows\System32\SHCORE.dll
0x00007ffec7b10000 - 0x00007ffec7b65000 	C:\windows\System32\shlwapi.dll
0x00007ffec5400000 - 0x00007ffec5426000 	C:\windows\SYSTEM32\profapi.dll
0x00007ffebdc90000 - 0x00007ffebdc9d000 	C:\Program Files\Java\jdk1.8.0_261\jre\bin\management.dll
0x00007ffebb900000 - 0x00007ffebb91c000 	C:\Program Files\Java\jdk1.8.0_261\jre\bin\net.dll
0x00007ffec4bf0000 - 0x00007ffec4c5a000 	C:\windows\system32\mswsock.dll
0x00007ffebb8a0000 - 0x00007ffebb8b3000 	C:\Program Files\Java\jdk1.8.0_261\jre\bin\nio.dll
0x00007ffea4b90000 - 0x00007ffea4ba7000 	C:\windows\system32\napinsp.dll
0x00007ffea4990000 - 0x00007ffea49ab000 	C:\windows\system32\pnrpnsp.dll
0x00007ffebd060000 - 0x00007ffebd075000 	C:\windows\system32\wshbth.dll
0x00007ffebdb40000 - 0x00007ffebdb5d000 	C:\windows\system32\NLAapi.dll
0x00007ffec48e0000 - 0x00007ffec491b000 	C:\windows\SYSTEM32\IPHLPAPI.DLL
0x00007ffec4920000 - 0x00007ffec49eb000 	C:\windows\SYSTEM32\DNSAPI.dll
0x00007ffec64b0000 - 0x00007ffec64b8000 	C:\windows\System32\NSI.dll
0x00007ffea4960000 - 0x00007ffea4972000 	C:\windows\System32\winrnr.dll
0x00007ffeb0920000 - 0x00007ffeb092a000 	C:\Windows\System32\rasadhlp.dll
0x00007ffeb0800000 - 0x00007ffeb087f000 	C:\windows\System32\fwpuclnt.dll
0x00007ffec55e0000 - 0x00007ffec5607000 	C:\windows\System32\bcrypt.dll
0x00007ffec4dd0000 - 0x00007ffec4de8000 	C:\windows\SYSTEM32\CRYPTSP.dll
0x00007ffec4580000 - 0x00007ffec45b4000 	C:\windows\system32\rsaenh.dll
0x00007ffec53c0000 - 0x00007ffec53ee000 	C:\windows\SYSTEM32\USERENV.dll
0x00007ffec5740000 - 0x00007ffec57c0000 	C:\windows\System32\bcryptprimitives.dll
0x00007ffec4dc0000 - 0x00007ffec4dcc000 	C:\windows\SYSTEM32\CRYPTBASE.dll
0x00007ffebdb10000 - 0x00007ffebdb27000 	C:\windows\SYSTEM32\dhcpcsvc6.DLL
0x00007ffebd940000 - 0x00007ffebd95d000 	C:\windows\SYSTEM32\dhcpcsvc.DLL
0x00007ffebb7f0000 - 0x00007ffebb814000 	C:\Program Files\Java\jdk1.8.0_261\jre\bin\sunec.dll
0x00007ffebdb30000 - 0x00007ffebdb3d000 	C:\Program Files\Java\jdk1.8.0_261\jre\bin\sunmscapi.dll
0x00007ffec58c0000 - 0x00007ffec5a1d000 	C:\windows\System32\CRYPT32.dll
0x00007ffec4f40000 - 0x00007ffec4f67000 	C:\windows\SYSTEM32\ncrypt.dll
0x00007ffec4f00000 - 0x00007ffec4f3b000 	C:\windows\SYSTEM32\NTASN1.dll
0x00007ffebf070000 - 0x00007ffebf254000 	C:\windows\SYSTEM32\dbghelp.dll

VM Arguments:
jvm_args: -Dcom.sun.management.jmxremote -Dcom.sun.management.jmxremote.port=62054 -Dcom.sun.management.jmxremote.authenticate=false -Dcom.sun.management.jmxremote.ssl=false -Djava.rmi.server.hostname=localhost -Dspring.jmx.enabled=true -Dspring.application.admin.enabled=true -Xverify:none -XX:TieredStopAtLevel=1 -Dspring.boot.project.name=user-service -Dfile.encoding=UTF-8 
java_command: com.app.userservice.UserServiceApplication --spring.output.ansi.enabled=always
java_class_path (initial): C:\Users\Rohit Kasture\Documents\MicroServicesPractice\user-service\target\classes;C:\Users\Rohit Kasture\.m2\repository\org\springframework\boot\spring-boot-starter-web\2.3.0.RELEASE\spring-boot-starter-web-2.3.0.RELEASE.jar;C:\Users\Rohit Kasture\.m2\repository\org\springframework\boot\spring-boot-starter\2.3.0.RELEASE\spring-boot-starter-2.3.0.RELEASE.jar;C:\Users\Rohit Kasture\.m2\repository\org\springframework\boot\spring-boot-starter-logging\2.3.0.RELEASE\spring-boot-starter-logging-2.3.0.RELEASE.jar;C:\Users\Rohit Kasture\.m2\repository\ch\qos\logback\logback-classic\1.2.3\logback-classic-1.2.3.jar;C:\Users\Rohit Kasture\.m2\repository\ch\qos\logback\logback-core\1.2.3\logback-core-1.2.3.jar;C:\Users\Rohit Kasture\.m2\repository\org\apache\logging\log4j\log4j-to-slf4j\2.13.2\log4j-to-slf4j-2.13.2.jar;C:\Users\Rohit Kasture\.m2\repository\org\apache\logging\log4j\log4j-api\2.13.2\log4j-api-2.13.2.jar;C:\Users\Rohit Kasture\.m2\repository\org\slf4j\jul-to-slf4j\1.7.30\jul-to-slf4j-1.7.30.jar;C:\Users\Rohit Kasture\.m2\repository\jakarta\annotation\jakarta.annotation-api\1.3.5\jakarta.annotation-api-1.3.5.jar;C:\Users\Rohit Kasture\.m2\repository\org\yaml\snakeyaml\1.26\snakeyaml-1.26.jar;C:\Users\Rohit Kasture\.m2\repository\org\springframework\boot\spring-boot-starter-json\2.3.0.RELEASE\spring-boot-starter-json-2.3.0.RELEASE.jar;C:\Users\Rohit Kasture\.m2\repository\com\fasterxml\jackson\datatype\jackson-datatype-jdk8\2.11.0\jackson-datatype-jdk8-2.11.0.jar;C:\Users\Rohit Kasture\.m2\repository\com\fasterxml\jackson\datatype\jackson-datatype-jsr310\2.11.0\jackson-datatype-jsr310-2.11.0.jar;C:\Users\Rohit Kasture\.m2\repository\com\fasterxml\jackson\module\jackson-module-parameter-names\2.11.0\jackson-module-parameter-names-2.11.0.jar;C:\Users\Rohit Kasture\.m2\repository\org\springframework\boot\spring-boot-starter-tomcat\2.3.0.RELEASE\spring-boot-starter-tomcat-2.3.0.RELEASE.jar;C:\Users\Rohit Kasture\.m2\repository\org\apache\tom
Launcher Type: SUN_STANDARD

Environment Variables:
JAVA_HOME=C:\Program Files\Amazon Corretto\jdk11.0.9_12
PATH=C:/Program Files/Amazon Corretto/jdk11.0.9_12/bin/server;C:/Program Files/Amazon Corretto/jdk11.0.9_12/bin;C:\Program Files\Amazon Corretto\jdk11.0.9_12\bin;C:\windows\system32;C:\Program Files\maven\apache-maven-3.6.3\bin;C:\windows;C:\windows\System32\Wbem;C:\windows\System32\WindowsPowerShell\v1.0\;C:\windows\System32\OpenSSH\;C:\Program Files\PuTTY\;C:\Program Files\nodejs\;D:\Software\gradle-6.6.1\bin;C:\Program Files\Git\cmd;C:\rabbitmq_server-3.8.9\sbin;C:\Program Files\Java\jdk-11.0.8\bin;C:\Program Files\MySQL\MySQL Server 8.0\bin;C:\Program Files\MySQL\MySQL Shell 8.0\bin\;C:\Users\Rohit Kasture\AppData\Local\Microsoft\WindowsApps;;C:\Users\Rohit Kasture\AppData\Local\Programs\Microsoft VS Code\bin;C:\Users\Rohit Kasture\AppData\Roaming\npm;D:\Software\sts-4.7.1.RELEASE;
USERNAME=Rohit Kasture
OS=Windows_NT
PROCESSOR_IDENTIFIER=Intel64 Family 6 Model 126 Stepping 5, GenuineIntel



---------------  S Y S T E M  ---------------

OS: Windows 10.0 , 64 bit Build 19041 (10.0.19041.662)

CPU:total 8 (initial active 8) (4 cores per cpu, 2 threads per core) family 6 model 126 stepping 5, cmov, cx8, fxsr, mmx, sse, sse2, sse3, ssse3, sse4.1, sse4.2, popcnt, avx, avx2, aes, clmul, erms, 3dnowpref, lzcnt, ht, tsc, tscinvbit, bmi1, bmi2, adx

Memory: 4k page, physical 3970864k(91540k free), swap 16029488k(0k free)

vm_info: Java HotSpot(TM) 64-Bit Server VM (25.261-b12) for windows-amd64 JRE (1.8.0_261-b12), built on Jun 18 2020 06:56:32 by "" with unknown MS VC++:1916

time: Wed Dec 30 03:24:23 2020
timezone: India Standard Time
elapsed time: 48 seconds (0d 0h 0m 48s)

